<?xml version="1.0" encoding="UTF-8"?>
<!-- Generated by org.testng.reporters.JUnitReportReporter -->
<testsuite hostname="NAGSEZ545719L" failures="0" tests="1" name="testClasses.TC_001_Login_with_valid_credentials" time="17.437" errors="0" timestamp="2023-12-11T11:28:51 IST" skipped="0">
  <testcase classname="testClasses.TC_001_Login_with_valid_credentials" name="test_login_with_valid_credentials" time="17.437"/>
  <system-out/>
</testsuite> <!-- testClasses.TC_001_Login_with_valid_credentials -->
