<?xml version="1.0" encoding="UTF-8"?>
<!-- Generated by org.testng.reporters.JUnitReportReporter -->
<testsuite hostname="NAGSEZ545719L" failures="0" tests="1" name="testClasses.TC_003_Logout_Functionality" time="13.145" errors="0" timestamp="2023-12-13T22:44:08 IST" skipped="0">
  <testcase classname="testClasses.TC_003_Logout_Functionality" name="forget_password_test" time="13.145"/>
  <system-out/>
</testsuite> <!-- testClasses.TC_003_Logout_Functionality -->
