<?xml version="1.0" encoding="UTF-8"?>
<!-- Generated by org.testng.reporters.JUnitReportReporter -->
<testsuite hostname="NAGSEZ545719L" failures="0" tests="1" name="testClasses.TC_002_Forget_Password_Link" time="14.201" errors="0" timestamp="2023-12-13T22:44:08 IST" skipped="0">
  <testcase classname="testClasses.TC_002_Forget_Password_Link" name="forget_password_test" time="14.201"/>
  <system-out/>
</testsuite> <!-- testClasses.TC_002_Forget_Password_Link -->
